{"C:\\Users\\ELKIN\\Desktop\\arquitectura\\main\\domain\\userViewModel.js": {"path":"C:\\Users\\ELKIN\\Desktop\\arquitectura\\main\\domain\\userViewModel.js","statementMap":{"0":{"start":{"line":1,"column":23},"end":{"line":1,"column":83}},"1":{"start":{"line":2,"column":13},"end":{"line":2,"column":61}},"2":{"start":{"line":3,"column":14},"end":{"line":3,"column":63}},"3":{"start":{"line":6,"column":25},"end":{"line":6,"column":45}},"4":{"start":{"line":7,"column":18},"end":{"line":7,"column":67}},"5":{"start":{"line":8,"column":17},"end":{"line":8,"column":19}},"6":{"start":{"line":9,"column":2},"end":{"line":34,"column":3}},"7":{"start":{"line":11,"column":6},"end":{"line":11,"column":23}},"8":{"start":{"line":12,"column":6},"end":{"line":12,"column":12}},"9":{"start":{"line":14,"column":6},"end":{"line":22,"column":7}},"10":{"start":{"line":19,"column":8},"end":{"line":19,"column":24}},"11":{"start":{"line":21,"column":8},"end":{"line":21,"column":25}},"12":{"start":{"line":23,"column":6},"end":{"line":23,"column":12}},"13":{"start":{"line":25,"column":6},"end":{"line":33,"column":7}},"14":{"start":{"line":30,"column":8},"end":{"line":30,"column":24}},"15":{"start":{"line":32,"column":8},"end":{"line":32,"column":25}},"16":{"start":{"line":35,"column":2},"end":{"line":35,"column":18}},"17":{"start":{"line":40,"column":25},"end":{"line":40,"column":45}},"18":{"start":{"line":41,"column":31},"end":{"line":44,"column":3}},"19":{"start":{"line":45,"column":17},"end":{"line":45,"column":22}},"20":{"start":{"line":46,"column":2},"end":{"line":53,"column":3}},"21":{"start":{"line":47,"column":4},"end":{"line":49,"column":5}},"22":{"start":{"line":48,"column":6},"end":{"line":48,"column":22}},"23":{"start":{"line":50,"column":4},"end":{"line":50,"column":13}},"24":{"start":{"line":52,"column":4},"end":{"line":52,"column":21}},"25":{"start":{"line":54,"column":2},"end":{"line":54,"column":18}},"26":{"start":{"line":58,"column":2},"end":{"line":58,"column":54}},"27":{"start":{"line":62,"column":2},"end":{"line":62,"column":39}},"28":{"start":{"line":65,"column":0},"end":{"line":65,"column":31}},"29":{"start":{"line":66,"column":0},"end":{"line":66,"column":29}}},"fnMap":{"0":{"name":"signUp","decl":{"start":{"line":5,"column":9},"end":{"line":5,"column":15}},"loc":{"start":{"line":5,"column":52},"end":{"line":36,"column":1}},"line":5},"1":{"name":"login","decl":{"start":{"line":39,"column":9},"end":{"line":39,"column":14}},"loc":{"start":{"line":39,"column":35},"end":{"line":55,"column":1}},"line":39},"2":{"name":"newUser","decl":{"start":{"line":57,"column":9},"end":{"line":57,"column":16}},"loc":{"start":{"line":57,"column":53},"end":{"line":59,"column":1}},"line":57},"3":{"name":"loginUser","decl":{"start":{"line":61,"column":9},"end":{"line":61,"column":18}},"loc":{"start":{"line":61,"column":39},"end":{"line":63,"column":1}},"line":61}},"branchMap":{"0":{"loc":{"start":{"line":9,"column":2},"end":{"line":34,"column":3}},"type":"switch","locations":[{"start":{"line":10,"column":4},"end":{"line":12,"column":12}},{"start":{"line":13,"column":4},"end":{"line":23,"column":12}},{"start":{"line":24,"column":4},"end":{"line":33,"column":7}}],"line":9},"1":{"loc":{"start":{"line":14,"column":6},"end":{"line":22,"column":7}},"type":"if","locations":[{"start":{"line":14,"column":6},"end":{"line":22,"column":7}},{"start":{"line":20,"column":13},"end":{"line":22,"column":7}}],"line":14},"2":{"loc":{"start":{"line":25,"column":6},"end":{"line":33,"column":7}},"type":"if","locations":[{"start":{"line":25,"column":6},"end":{"line":33,"column":7}},{"start":{"line":31,"column":13},"end":{"line":33,"column":7}}],"line":25},"3":{"loc":{"start":{"line":46,"column":2},"end":{"line":53,"column":3}},"type":"if","locations":[{"start":{"line":46,"column":2},"end":{"line":53,"column":3}},{"start":{"line":51,"column":9},"end":{"line":53,"column":3}}],"line":46},"4":{"loc":{"start":{"line":47,"column":4},"end":{"line":49,"column":5}},"type":"if","locations":[{"start":{"line":47,"column":4},"end":{"line":49,"column":5}},{"start":{},"end":{}}],"line":47}},"s":{"0":1,"1":1,"2":1,"3":2,"4":2,"5":2,"6":2,"7":0,"8":0,"9":1,"10":1,"11":0,"12":1,"13":1,"14":0,"15":1,"16":2,"17":3,"18":3,"19":3,"20":3,"21":2,"22":2,"23":2,"24":1,"25":3,"26":2,"27":2,"28":1,"29":1},"f":{"0":2,"1":3,"2":2,"3":2},"b":{"0":[0,1,1],"1":[1,0],"2":[0,1],"3":[2,1],"4":[2,0]},"_coverageSchema":"1a1c01bbd47fc00a2c39e90264f33305004495a9","hash":"94cd2136eea710777479adfb788ba9a243727c70"}
,"C:\\Users\\ELKIN\\Desktop\\arquitectura\\main\\domain\\versionViewModel.js": {"path":"C:\\Users\\ELKIN\\Desktop\\arquitectura\\main\\domain\\versionViewModel.js","statementMap":{"0":{"start":{"line":1,"column":26},"end":{"line":1,"column":92}},"1":{"start":{"line":2,"column":16},"end":{"line":2,"column":70}},"2":{"start":{"line":5,"column":28},"end":{"line":5,"column":51}},"3":{"start":{"line":6,"column":2},"end":{"line":10,"column":3}},"4":{"start":{"line":7,"column":4},"end":{"line":9,"column":5}},"5":{"start":{"line":8,"column":6},"end":{"line":8,"column":21}},"6":{"start":{"line":11,"column":2},"end":{"line":11,"column":51}},"7":{"start":{"line":15,"column":2},"end":{"line":15,"column":45}},"8":{"start":{"line":18,"column":0},"end":{"line":18,"column":39}},"9":{"start":{"line":19,"column":0},"end":{"line":19,"column":39}}},"fnMap":{"0":{"name":"getVersion","decl":{"start":{"line":4,"column":9},"end":{"line":4,"column":19}},"loc":{"start":{"line":4,"column":22},"end":{"line":12,"column":1}},"line":4},"1":{"name":"newVersion","decl":{"start":{"line":14,"column":9},"end":{"line":14,"column":19}},"loc":{"start":{"line":14,"column":22},"end":{"line":16,"column":1}},"line":14}},"branchMap":{"0":{"loc":{"start":{"line":6,"column":2},"end":{"line":10,"column":3}},"type":"if","locations":[{"start":{"line":6,"column":2},"end":{"line":10,"column":3}},{"start":{},"end":{}}],"line":6},"1":{"loc":{"start":{"line":7,"column":4},"end":{"line":9,"column":5}},"type":"if","locations":[{"start":{"line":7,"column":4},"end":{"line":9,"column":5}},{"start":{},"end":{}}],"line":7}},"s":{"0":1,"1":1,"2":1,"3":1,"4":0,"5":0,"6":1,"7":2,"8":1,"9":1},"f":{"0":1,"1":2},"b":{"0":[0,1],"1":[0,0]},"_coverageSchema":"1a1c01bbd47fc00a2c39e90264f33305004495a9","hash":"ce73f0a376249faee31209d3b430a8272166b25f"}
}
