TN:
SF:main\domain\userViewModel.js
FN:5,signUp
FN:39,login
FN:57,newUser
FN:61,loginUser
FNF:4
FNH:4
FNDA:2,signUp
FNDA:3,login
FNDA:2,newUser
FNDA:2,loginUser
DA:1,1
DA:2,1
DA:3,1
DA:6,2
DA:7,2
DA:8,2
DA:9,2
DA:11,0
DA:12,0
DA:14,1
DA:19,1
DA:21,0
DA:23,1
DA:25,1
DA:30,0
DA:32,1
DA:35,2
DA:40,3
DA:41,3
DA:45,3
DA:46,3
DA:47,2
DA:48,2
DA:50,2
DA:52,1
DA:54,3
DA:58,2
DA:62,2
DA:65,1
DA:66,1
LF:30
LH:26
BRDA:9,0,0,0
BRDA:9,0,1,1
BRDA:9,0,2,1
BRDA:14,1,0,1
BRDA:14,1,1,0
BRDA:25,2,0,0
BRDA:25,2,1,1
BRDA:46,3,0,2
BRDA:46,3,1,1
BRDA:47,4,0,2
BRDA:47,4,1,0
BRF:11
BRH:7
end_of_record
TN:
SF:main\domain\versionViewModel.js
FN:4,getVersion
FN:14,newVersion
FNF:2
FNH:2
FNDA:1,getVersion
FNDA:2,newVersion
DA:1,1
DA:2,1
DA:5,1
DA:6,1
DA:7,0
DA:8,0
DA:11,1
DA:15,2
DA:18,1
DA:19,1
LF:10
LH:8
BRDA:6,0,0,0
BRDA:6,0,1,1
BRDA:7,1,0,0
BRDA:7,1,1,0
BRF:4
BRH:1
end_of_record
