TN:
SF:main\domain\userViewModel.js
FN:5,signUp
FN:38,login
FN:60,newUser
FN:64,loginUser
FNF:4
FNH:3
FNDA:3,signUp
FNDA:3,login
FNDA:3,newUser
FNDA:0,loginUser
DA:1,1
DA:2,1
DA:3,1
DA:6,3
DA:7,3
DA:8,3
DA:9,3
DA:11,0
DA:12,0
DA:14,0
DA:19,0
DA:21,0
DA:23,0
DA:25,3
DA:30,0
DA:32,3
DA:35,3
DA:39,3
DA:40,3
DA:44,3
DA:45,3
DA:47,0
DA:48,0
DA:50,0
DA:52,0
DA:53,0
DA:55,3
DA:57,3
DA:61,3
DA:65,0
DA:68,1
DA:69,1
LF:32
LH:19
BRDA:9,0,0,0
BRDA:9,0,1,0
BRDA:9,0,2,3
BRDA:14,1,0,0
BRDA:14,1,1,0
BRDA:25,2,0,0
BRDA:25,2,1,3
BRDA:45,3,0,0
BRDA:45,3,1,0
BRDA:45,3,2,3
BRDA:47,4,0,0
BRDA:47,4,1,0
BRF:12
BRH:3
end_of_record
TN:
SF:main\domain\versionViewModel.js
FN:4,getVersion
FN:14,newVersion
FNF:2
FNH:1
FNDA:0,getVersion
FNDA:2,newVersion
DA:1,1
DA:2,1
DA:5,0
DA:6,0
DA:7,0
DA:8,0
DA:11,0
DA:15,2
DA:18,1
DA:19,1
LF:10
LH:5
BRDA:6,0,0,0
BRDA:6,0,1,0
BRDA:7,1,0,0
BRDA:7,1,1,0
BRF:4
BRH:0
end_of_record
